[INFO] 22:02:47:543 Cpu/(14762:14762): Cpu: Inicialización de campos correcta
[INFO] 22:02:47:621 Cpu/(14762:14762): Valor de PUERTO_ESCUCHA_DISPATCH 8001
[INFO] 22:02:47:624 Cpu/(14762:14762): Valor de PUERTO_ESCUCHA_INTERRUPT 8005
[INFO] 22:02:47:635 Cpu/(14762:14762): CPU: A la escucha de nuevas conexiones en puerto 4
[INFO] 22:02:51:649 Cpu/(14762:14762): CPU: Acepto la conexión del socket: 5
[INFO] 22:02:51:654 Cpu/(14762:14762): CPU: Recibiendo PCB de Kernel
[INFO] 22:02:51:659 Cpu/(14762:14762): CPU: Recibi el tamanio: 96
[INFO] 22:02:51:667 Cpu/(14762:14762): CPU: Recibi el PCB con ID: 1
[INFO] 22:02:51:670 Cpu/(14762:14762): CPU: Recibi el PCB con Tamanio: 50
[INFO] 22:02:51:671 Cpu/(14762:14762): CPU: Recibi el PCB con Status: EXEC
[INFO] 22:02:51:673 Cpu/(14762:14762): CPU: Recibi el PCB con PC: 0
[INFO] 22:02:51:689 Cpu/(14762:14762): CPU: Recibi el PCB con Rafaga: 10000.000000
[INFO] 22:02:51:690 Cpu/(14762:14762): Cantidad de Instrucciones: 10
[INFO] 22:02:51:693 Cpu/(14762:14762): Instr: 0
[INFO] 22:02:51:694 Cpu/(14762:14762): CPU: Ejecutando instruccion
[INFO] 22:02:51:695 Cpu/(14762:14762): CPU: Ejecutando fetch
[INFO] 22:02:51:696 Cpu/(14762:14762): CPU: Ejecuté fetch
[INFO] 22:02:51:697 Cpu/(14762:14762): CPU: Ejecutando decode
[INFO] 22:02:51:698 Cpu/(14762:14762): CPU: Ejecuté decode
[INFO] 22:02:51:701 Cpu/(14762:14762): Prueba de timer 5962
